Flow report for singleCycleRiscV
Sat Apr 29 09:53:35 2023
Quartus Prime Version 21.1.1 Build 850 06/23/2022 SJ Standard Edition


---------------------
; Table of Contents ;
---------------------
  1. Legal Notice
  2. Flow Summary
  3. Flow Settings
  4. Flow Non-Default Global Settings
  5. Flow Elapsed Time
  6. Flow OS Summary
  7. Flow Log
  8. Flow Messages
  9. Flow Suppressed Messages



----------------
; Legal Notice ;
----------------
Copyright (C) 2022  Intel Corporation. All rights reserved.
Your use of Intel Corporation's design tools, logic functions 
and other software and tools, and any partner logic 
functions, and any output files from any of the foregoing 
(including device programming or simulation files), and any 
associated documentation or information are expressly subject 
to the terms and conditions of the Intel Program License 
Subscription Agreement, the Intel Quartus Prime License Agreement,
the Intel FPGA IP License Agreement, or other applicable license
agreement, including, without limitation, that your use is for
the sole purpose of programming logic devices manufactured by
Intel and sold by Intel or its authorized distributors.  Please
refer to the applicable agreement for further details, at
https://fpgasoftware.intel.com/eula.



+--------------------------------------------------------------------------------------+
; Flow Summary                                                                         ;
+------------------------------------+-------------------------------------------------+
; Flow Status                        ; Successful - Sat Apr 29 09:53:35 2023           ;
; Quartus Prime Version              ; 21.1.1 Build 850 06/23/2022 SJ Standard Edition ;
; Revision Name                      ; singleCycleRiscV                                ;
; Top-level Entity Name              ; riscvsingle                                     ;
; Family                             ; Cyclone IV GX                                   ;
; Total logic elements               ; 178 / 29,440 ( < 1 % )                          ;
;     Total combinational functions  ; 178 / 29,440 ( < 1 % )                          ;
;     Dedicated logic registers      ; 31 / 29,440 ( < 1 % )                           ;
; Total registers                    ; 31                                              ;
; Total pins                         ; 163 / 307 ( 53 % )                              ;
; Total virtual pins                 ; 0                                               ;
; Total memory bits                  ; 0 / 1,105,920 ( 0 % )                           ;
; Embedded Multiplier 9-bit elements ; 0 / 160 ( 0 % )                                 ;
; Total GXB Receiver Channel PCS     ; 0 / 4 ( 0 % )                                   ;
; Total GXB Receiver Channel PMA     ; 0 / 4 ( 0 % )                                   ;
; Total GXB Transmitter Channel PCS  ; 0 / 4 ( 0 % )                                   ;
; Total GXB Transmitter Channel PMA  ; 0 / 4 ( 0 % )                                   ;
; Total PLLs                         ; 0 / 6 ( 0 % )                                   ;
; Device                             ; EP4CGX30CF23C6                                  ;
; Timing Models                      ; Final                                           ;
+------------------------------------+-------------------------------------------------+


+-----------------------------------------+
; Flow Settings                           ;
+-------------------+---------------------+
; Option            ; Setting             ;
+-------------------+---------------------+
; Start date & time ; 04/29/2023 09:52:56 ;
; Main task         ; Compilation         ;
; Revision Name     ; singleCycleRiscV    ;
+-------------------+---------------------+


+-----------------------------------------------------------------------------------------------------------------------------------------------------+
; Flow Non-Default Global Settings                                                                                                                    ;
+-------------------------------------+----------------------------------------+--------------------+-------------+-----------------------------------+
; Assignment Name                     ; Value                                  ; Default Value      ; Entity Name ; Section Id                        ;
+-------------------------------------+----------------------------------------+--------------------+-------------+-----------------------------------+
; COMPILER_SIGNATURE_ID               ; 8796752239816.168278717501432          ; --                 ; --          ; --                                ;
; EDA_GENERATE_FUNCTIONAL_NETLIST     ; Off                                    ; --                 ; --          ; eda_board_design_timing           ;
; EDA_GENERATE_FUNCTIONAL_NETLIST     ; Off                                    ; --                 ; --          ; eda_board_design_boundary_scan    ;
; EDA_GENERATE_FUNCTIONAL_NETLIST     ; Off                                    ; --                 ; --          ; eda_board_design_signal_integrity ;
; EDA_GENERATE_FUNCTIONAL_NETLIST     ; Off                                    ; --                 ; --          ; eda_board_design_symbol           ;
; EDA_NETLIST_WRITER_OUTPUT_DIR       ; simulation/modelsim                    ; --                 ; --          ; eda_simulation                    ;
; EDA_OUTPUT_DATA_FORMAT              ; Systemverilog Hdl                      ; --                 ; --          ; eda_simulation                    ;
; EDA_SIMULATION_TOOL                 ; ModelSim (SystemVerilog)               ; <None>             ; --          ; --                                ;
; EDA_TIME_SCALE                      ; 1 ps                                   ; --                 ; --          ; eda_simulation                    ;
; FITTER_EFFORT                       ; Fast Fit                               ; Auto Fit           ; --          ; --                                ;
; OPTIMIZE_MULTI_CORNER_TIMING        ; Off                                    ; On                 ; --          ; --                                ;
; OPTIMIZE_TIMING                     ; Off                                    ; Normal compilation ; --          ; --                                ;
; PARTITION_COLOR                     ; -- (Not supported for targeted family) ; --                 ; riscvsingle ; Top                               ;
; PARTITION_FITTER_PRESERVATION_LEVEL ; -- (Not supported for targeted family) ; --                 ; riscvsingle ; Top                               ;
; PARTITION_NETLIST_TYPE              ; -- (Not supported for targeted family) ; --                 ; riscvsingle ; Top                               ;
; PROJECT_OUTPUT_DIRECTORY            ; output_files                           ; --                 ; --          ; --                                ;
; TOP_LEVEL_ENTITY                    ; riscvsingle                            ; singleCycleRiscV   ; --          ; --                                ;
; VERILOG_INPUT_VERSION               ; SystemVerilog_2005                     ; Verilog_2001       ; --          ; --                                ;
; VERILOG_SHOW_LMF_MAPPING_MESSAGES   ; Off                                    ; --                 ; --          ; --                                ;
+-------------------------------------+----------------------------------------+--------------------+-------------+-----------------------------------+


+--------------------------------------------------------------------------------------------------------------------------+
; Flow Elapsed Time                                                                                                        ;
+----------------------+--------------+-------------------------+---------------------+------------------------------------+
; Module Name          ; Elapsed Time ; Average Processors Used ; Peak Virtual Memory ; Total CPU Time (on all processors) ;
+----------------------+--------------+-------------------------+---------------------+------------------------------------+
; Analysis & Synthesis ; 00:00:19     ; 1.0                     ; 685 MB              ; 00:00:17                           ;
; Fitter               ; 00:00:11     ; 1.0                     ; 1102 MB             ; 00:00:10                           ;
; Assembler            ; 00:00:02     ; 1.0                     ; 676 MB              ; 00:00:02                           ;
; Timing Analyzer      ; 00:00:03     ; 1.0                     ; 689 MB              ; 00:00:02                           ;
; EDA Netlist Writer   ; 00:00:01     ; 1.0                     ; 594 MB              ; 00:00:01                           ;
; Total                ; 00:00:36     ; --                      ; --                  ; 00:00:32                           ;
+----------------------+--------------+-------------------------+---------------------+------------------------------------+


+-----------------------------------------------------------------------------------+
; Flow OS Summary                                                                   ;
+----------------------+------------------+-----------+------------+----------------+
; Module Name          ; Machine Hostname ; OS Name   ; OS Version ; Processor type ;
+----------------------+------------------+-----------+------------+----------------+
; Analysis & Synthesis ; mohsen-PC        ; Windows 7 ; 6.1        ; x86_64         ;
; Fitter               ; mohsen-PC        ; Windows 7 ; 6.1        ; x86_64         ;
; Assembler            ; mohsen-PC        ; Windows 7 ; 6.1        ; x86_64         ;
; Timing Analyzer      ; mohsen-PC        ; Windows 7 ; 6.1        ; x86_64         ;
; EDA Netlist Writer   ; mohsen-PC        ; Windows 7 ; 6.1        ; x86_64         ;
+----------------------+------------------+-----------+------------+----------------+


------------
; Flow Log ;
------------
quartus_map --read_settings_files=on --write_settings_files=off singleCycleRiscV -c singleCycleRiscV
quartus_fit --read_settings_files=off --write_settings_files=off singleCycleRiscV -c singleCycleRiscV
quartus_asm --read_settings_files=off --write_settings_files=off singleCycleRiscV -c singleCycleRiscV
quartus_sta singleCycleRiscV -c singleCycleRiscV
quartus_eda --read_settings_files=off --write_settings_files=off singleCycleRiscV -c singleCycleRiscV



