Flow report for MUX32_1_32bit
Mon Mar 13 02:28:45 2023
Quartus Prime Version 21.1.1 Build 850 06/23/2022 SJ Standard Edition


---------------------
; Table of Contents ;
---------------------
  1. Legal Notice
  2. Flow Summary
  3. Flow Settings
  4. Flow Non-Default Global Settings
  5. Flow Elapsed Time
  6. Flow OS Summary
  7. Flow Log
  8. Flow Messages
  9. Flow Suppressed Messages



----------------
; Legal Notice ;
----------------
Copyright (C) 2022  Intel Corporation. All rights reserved.
Your use of Intel Corporation's design tools, logic functions 
and other software and tools, and any partner logic 
functions, and any output files from any of the foregoing 
(including device programming or simulation files), and any 
associated documentation or information are expressly subject 
to the terms and conditions of the Intel Program License 
Subscription Agreement, the Intel Quartus Prime License Agreement,
the Intel FPGA IP License Agreement, or other applicable license
agreement, including, without limitation, that your use is for
the sole purpose of programming logic devices manufactured by
Intel and sold by Intel or its authorized distributors.  Please
refer to the applicable agreement for further details, at
https://fpgasoftware.intel.com/eula.



+-----------------------------------------------------------------------------------+
; Flow Summary                                                                      ;
+---------------------------------+-------------------------------------------------+
; Flow Status                     ; Successful - Mon Mar 13 02:28:45 2023           ;
; Quartus Prime Version           ; 21.1.1 Build 850 06/23/2022 SJ Standard Edition ;
; Revision Name                   ; MUX32_1_32bit                                   ;
; Top-level Entity Name           ; mux32_1_32bit                                   ;
; Family                          ; Cyclone V                                       ;
; Device                          ; 5CGXFC9E7F35C8                                  ;
; Timing Models                   ; Final                                           ;
; Logic utilization (in ALMs)     ; 54 / 113,560 ( < 1 % )                          ;
; Total registers                 ; 0                                               ;
; Total pins                      ; 170 / 616 ( 28 % )                              ;
; Total virtual pins              ; 0                                               ;
; Total block memory bits         ; 0 / 12,492,800 ( 0 % )                          ;
; Total DSP Blocks                ; 0 / 342 ( 0 % )                                 ;
; Total HSSI RX PCSs              ; 0 / 12 ( 0 % )                                  ;
; Total HSSI PMA RX Deserializers ; 0 / 12 ( 0 % )                                  ;
; Total HSSI TX PCSs              ; 0 / 12 ( 0 % )                                  ;
; Total HSSI PMA TX Serializers   ; 0 / 12 ( 0 % )                                  ;
; Total PLLs                      ; 0 / 20 ( 0 % )                                  ;
; Total DLLs                      ; 0 / 4 ( 0 % )                                   ;
+---------------------------------+-------------------------------------------------+


+-----------------------------------------+
; Flow Settings                           ;
+-------------------+---------------------+
; Option            ; Setting             ;
+-------------------+---------------------+
; Start date & time ; 03/13/2023 02:26:36 ;
; Main task         ; Compilation         ;
; Revision Name     ; MUX32_1_32bit       ;
+-------------------+---------------------+


+--------------------------------------------------------------------------------------------------------------------------------------------------+
; Flow Non-Default Global Settings                                                                                                                 ;
+-------------------------------------+----------------------------------------+---------------+---------------+-----------------------------------+
; Assignment Name                     ; Value                                  ; Default Value ; Entity Name   ; Section Id                        ;
+-------------------------------------+----------------------------------------+---------------+---------------+-----------------------------------+
; COMPILER_SIGNATURE_ID               ; 8796752239816.167869959602416          ; --            ; --            ; --                                ;
; EDA_DESIGN_ENTRY_SYNTHESIS_TOOL     ; Precision Synthesis                    ; <None>        ; --            ; --                                ;
; EDA_GENERATE_FUNCTIONAL_NETLIST     ; Off                                    ; --            ; --            ; eda_board_design_timing           ;
; EDA_GENERATE_FUNCTIONAL_NETLIST     ; Off                                    ; --            ; --            ; eda_board_design_boundary_scan    ;
; EDA_GENERATE_FUNCTIONAL_NETLIST     ; Off                                    ; --            ; --            ; eda_board_design_signal_integrity ;
; EDA_GENERATE_FUNCTIONAL_NETLIST     ; Off                                    ; --            ; --            ; eda_board_design_symbol           ;
; EDA_INPUT_DATA_FORMAT               ; Vqm                                    ; --            ; --            ; eda_design_synthesis              ;
; EDA_LMF_FILE                        ; mentor.lmf                             ; --            ; --            ; eda_design_synthesis              ;
; EDA_NETLIST_WRITER_OUTPUT_DIR       ; simulation/modelsim                    ; --            ; --            ; eda_simulation                    ;
; EDA_OUTPUT_DATA_FORMAT              ; Systemverilog Hdl                      ; --            ; --            ; eda_simulation                    ;
; EDA_SIMULATION_TOOL                 ; ModelSim (SystemVerilog)               ; <None>        ; --            ; --                                ;
; EDA_TIME_SCALE                      ; 1 ps                                   ; --            ; --            ; eda_simulation                    ;
; MAX_CORE_JUNCTION_TEMP              ; 85                                     ; --            ; --            ; --                                ;
; MIN_CORE_JUNCTION_TEMP              ; 0                                      ; --            ; --            ; --                                ;
; PARTITION_COLOR                     ; -- (Not supported for targeted family) ; --            ; mux32_1_32bit ; Top                               ;
; PARTITION_FITTER_PRESERVATION_LEVEL ; -- (Not supported for targeted family) ; --            ; mux32_1_32bit ; Top                               ;
; PARTITION_NETLIST_TYPE              ; -- (Not supported for targeted family) ; --            ; mux32_1_32bit ; Top                               ;
; POWER_BOARD_THERMAL_MODEL           ; None (CONSERVATIVE)                    ; --            ; --            ; --                                ;
; POWER_PRESET_COOLING_SOLUTION       ; 23 MM HEAT SINK WITH 200 LFPM AIRFLOW  ; --            ; --            ; --                                ;
; PROJECT_OUTPUT_DIRECTORY            ; output_files                           ; --            ; --            ; --                                ;
+-------------------------------------+----------------------------------------+---------------+---------------+-----------------------------------+


+--------------------------------------------------------------------------------------------------------------------------+
; Flow Elapsed Time                                                                                                        ;
+----------------------+--------------+-------------------------+---------------------+------------------------------------+
; Module Name          ; Elapsed Time ; Average Processors Used ; Peak Virtual Memory ; Total CPU Time (on all processors) ;
+----------------------+--------------+-------------------------+---------------------+------------------------------------+
; Analysis & Synthesis ; 00:00:23     ; 1.0                     ; 672 MB              ; 00:00:21                           ;
; Fitter               ; 00:01:22     ; 1.0                     ; 2461 MB             ; 00:01:20                           ;
; Assembler            ; 00:00:12     ; 1.0                     ; 757 MB              ; 00:00:11                           ;
; Timing Analyzer      ; 00:00:06     ; 1.0                     ; 1134 MB             ; 00:00:06                           ;
; EDA Netlist Writer   ; 00:00:01     ; 1.0                     ; 629 MB              ; 00:00:01                           ;
; Total                ; 00:02:04     ; --                      ; --                  ; 00:01:59                           ;
+----------------------+--------------+-------------------------+---------------------+------------------------------------+


+-----------------------------------------------------------------------------------+
; Flow OS Summary                                                                   ;
+----------------------+------------------+-----------+------------+----------------+
; Module Name          ; Machine Hostname ; OS Name   ; OS Version ; Processor type ;
+----------------------+------------------+-----------+------------+----------------+
; Analysis & Synthesis ; mohsen-PC        ; Windows 7 ; 6.1        ; x86_64         ;
; Fitter               ; mohsen-PC        ; Windows 7 ; 6.1        ; x86_64         ;
; Assembler            ; mohsen-PC        ; Windows 7 ; 6.1        ; x86_64         ;
; Timing Analyzer      ; mohsen-PC        ; Windows 7 ; 6.1        ; x86_64         ;
; EDA Netlist Writer   ; mohsen-PC        ; Windows 7 ; 6.1        ; x86_64         ;
+----------------------+------------------+-----------+------------+----------------+


------------
; Flow Log ;
------------
quartus_map --read_settings_files=on --write_settings_files=off MUX32_1_32bit -c MUX32_1_32bit
quartus_fit --read_settings_files=off --write_settings_files=off MUX32_1_32bit -c MUX32_1_32bit
quartus_asm --read_settings_files=off --write_settings_files=off MUX32_1_32bit -c MUX32_1_32bit
quartus_sta MUX32_1_32bit -c MUX32_1_32bit
quartus_eda --read_settings_files=off --write_settings_files=off MUX32_1_32bit -c MUX32_1_32bit



